<?xml version="1.0" encoding="UTF-8"?>
<!-- Generated by org.testng.reporters.JUnitReportReporter -->
<testsuite hostname="Imdadul_win_8" name="news.Search" tests="1" failures="0" timestamp="24 Apr 2016 16:28:25 GMT" time="20.473" errors="0">
  <testcase name="searchNews" time="20.473" classname="news.Search"/>
</testsuite> <!-- news.Search -->
